FlashPro
Version: 9.1.0.18
Release: v9.1

Software Version: 9.1.0.18
Driver : 3.0.0 build 1
programmer '59643' : FlashPro3
Created new project 'C:\Users\David\Desktop\final\designer\impl1\final_top_fp\final_top.pro'
Info: Adding Flash Memory data from file
      C:\Users\David\Desktop\final\component\work\final_mss\MSS_ENVM_0\MSS_ENVM_0.efc.
Info: Adding FPGA Array data from file
      C:\Users\David\Desktop\final\designer\impl1\final_top.fdb.
PDB file 'C:\Users\David\Desktop\final\designer\impl1\final_top_fp\final_top.pdb' has been
loaded successfully.
DESIGN : final_top;  CHECKSUM : 51BB;  PDB_VERSION : 1.6
programmer '59643' : Scan Chain...
Warning: programmer '59643' : Vpump has been selected on programmer AND an externally provided
         Vpump has also been detected. Using externally provided Vpump voltage source.
programmer '59643' : Scan Chain PASSED.
programmer '59643' : Executing action PROGRAM
programmer '59643' : EXPORT FSN[48] = 01098a18786c
programmer '59643' : Erase ...
programmer '59643' : Completed erase
programmer '59643' : Programming FPGA Array
programmer '59643' : Verifying FPGA Array
programmer '59643' :         Verifying FPGA Array -- pass
programmer '59643' : Program System Init and Boot Clients...
programmer '59643' : Verify System Init and Boot Clients...
programmer '59643' : Finished: Fri Dec 07 14:17:05 2012 (Elapsed time 00:00:37)
programmer '59643' : Executing action PROGRAM PASSED.

                        o - o - o - o - o - o

Warning: Project 'final_top' has been modified. Do you want to save it? [YES]
