FlashPro
Version: 9.1.0.18
Release: v9.1

Software Version: 9.1.0.18
PDB file 'C:\Users\David\Desktop\final\designer\impl1\final_mss_fp\final_mss.pdb' has been
loaded successfully.
DESIGN : final_mss;  CHECKSUM : 70EE;  PDB_VERSION : 1.6
Warning: One or more programming or configuration files have changed since generation.
         To view details and update a PDB, you may click on Modify PDB button for the target
         device.
         To update a STAPL file, you may reload the file or reload the project.
Driver : 3.0.0 build 1
programmer '59643' : FlashPro3
Warning: One or more programming or configuration files have changed since generation.
         To view details and update a PDB, you may click on Modify PDB button for the target
         device.
         To update a STAPL file, you may reload the file or reload the project.
Opened 'C:\Users\David\Desktop\final\designer\impl1\final_mss_fp\final_mss.pro'
Info: Updating Flash Memory data from file
      C:\Users\David\Desktop\final\component\work\final_mss\MSS_ENVM_0\MSS_ENVM_0.efc.
Info: Replacing FPGA Array data from file
      C:\Users\David\Desktop\final\designer\impl1\final_mss.fdb with data from file
      C:\Users\David\Desktop\final\designer\impl1\final_mss_1.fdb.
PDB file 'C:\Users\David\Desktop\final\designer\impl1\final_mss_fp\final_mss.pdb' has been
loaded successfully.
DESIGN : final_mss;  CHECKSUM : 70EE;  PDB_VERSION : 1.6
programmer '59643' : Scan Chain...
Warning: programmer '59643' : Vpump has been selected on programmer AND an externally provided
         Vpump has also been detected. Using externally provided Vpump voltage source.
programmer '59643' : Scan Chain PASSED.
programmer '59643' : Executing action PROGRAM
programmer '59643' : EXPORT FSN[48] = 01098a18786c
programmer '59643' : Erase ...
programmer '59643' : Completed erase
programmer '59643' : Programming FPGA Array
programmer '59643' : Verifying FPGA Array
programmer '59643' :         Verifying FPGA Array -- pass
programmer '59643' : Program System Init and Boot Clients...
programmer '59643' : Verify System Init and Boot Clients...
programmer '59643' : Finished: Fri Dec 07 13:49:47 2012 (Elapsed time 00:00:37)
programmer '59643' : Executing action PROGRAM PASSED.

                        o - o - o - o - o - o

Warning: Project 'final_mss' has been modified. Do you want to save it? [YES]
