
Starting:    C:\Actel\Libero_v9.1\Synopsys\synplify_E201009A-1\bin\mbin\synplify.exe
Install:     C:\Actel\Libero_v9.1\Synopsys\synplify_E201009A-1
Date:        Wed Dec 12 23:43:58 2012
Version:     E-2010.09A-1

Arguments:   -product synplify_pro final_top_syn.prj
ProductType: synplify_pro

License checkout: synplifypro_actel
License: synplifypro_actel node-locked 
Licensed Vendor: actel
License Feature: actel_oem




Running synthesis on final_top_syn:synthesis

log file: "C:\Users\bschlenk\Documents\GitHub\eecs373final\turret\final\synthesis\final_top.srr"



Running HDL Compiler...


Compiler Completed with warnings
Return Code: 1
Run Time:00:00:01


Running SmartFusion Mapper...


SmartFusion Mapper Completed with warnings
Return Code: 1
Run Time:00:00:06

exit status=0


License checkin: synplifypro_actel

