FlashPro
Version: 9.1.5.1
Release: v9.1 SP5

Software Version: 9.1.5.1
PDB file
'C:\Users\bschlenk\Documents\GitHub\eecs373final\turret\final\designer\impl2\final_top_fp\final\
_top.pdb' has been loaded successfully.
DESIGN : final_top;  CHECKSUM : C714;  PDB_VERSION : 1.7
Driver : 3.0.0 build 1
programmer '58969' : FlashPro3
Warning: The programmer with id '58906' in the project file cannot be detected and connected.
Opened
'C:\Users\bschlenk\Documents\GitHub\eecs373final\turret\final\designer\impl2\final_top_fp\final\
_top.pro'
Info: Updating Flash Memory data from file
      C:\Users\bschlenk\Documents\GitHub\eecs373final\turret\final\component\work\final_mss\MSS\
      _ENVM_0\MSS_ENVM_0.efc.
Info: Updating FPGA Array data from file
      C:\Users\bschlenk\Documents\GitHub\eecs373final\turret\final\designer\impl2\final_top.fdb.
PDB file
'C:\Users\bschlenk\Documents\GitHub\eecs373final\turret\final\designer\impl2\final_top_fp\final\
_top.pdb' has been loaded successfully.
DESIGN : final_top;  CHECKSUM : C714;  PDB_VERSION : 1.7
programmer '58969' : Scan Chain...
Warning: programmer '58969' : Vpump has been selected on programmer AND an externally provided
         Vpump has also been detected. Using externally provided Vpump voltage source.
programmer '58969' : Scan Chain PASSED.
programmer '58969' : Executing action PROGRAM
programmer '58969' : EXPORT FSN[48] = 01098a181864
programmer '58969' : Erase ...
programmer '58969' : Completed erase
programmer '58969' : Programming FPGA Array
programmer '58969' : Verifying FPGA Array
programmer '58969' :         Verifying FPGA Array -- pass
programmer '58969' : Program System Init and Boot Clients...
programmer '58969' : Verify System Init and Boot Clients...
programmer '58969' : Finished: Mon Dec 10 15:56:49 2012 (Elapsed time 00:00:42)
programmer '58969' : Executing action PROGRAM PASSED.

                        o - o - o - o - o - o

Warning: Project 'final_top' has been modified. Do you want to save it? [YES]
